g:\test\pipe\masteringwinsock\debug\masteringwinsock.pch
g:\test\pipe\masteringwinsock\debug\vc143.pdb
g:\test\pipe\masteringwinsock\debug\vc143.idb
g:\test\pipe\masteringwinsock\debug\pch.obj
g:\test\pipe\masteringwinsock\debug\casyncsocketdx.obj
g:\test\pipe\masteringwinsock\debug\masteringwinsock.obj
g:\test\pipe\masteringwinsock\debug\maindlg.obj
g:\test\pipe\masteringwinsock\debug\cspinbuttonctrldx.obj
g:\test\pipe\masteringwinsock\debug\clistctrlforsocket.obj
g:\test\pipe\masteringwinsock\debug\cipaddressctrldx.obj
g:\test\pipe\masteringwinsock\debug\stringhelper.obj
g:\test\pipe\masteringwinsock\debug\clistboxcombosub.obj
g:\test\pipe\masteringwinsock\debug\ceditnum.obj
g:\test\pipe\masteringwinsock\debug\ceditcombosub.obj
g:\test\pipe\masteringwinsock\debug\ccomboboxdx.obj
g:\test\pipe\debug\masteringwinsock.exe
g:\test\pipe\masteringwinsock\debug\masteringwinsock.ilk
g:\test\pipe\debug\masteringwinsock.pdb
g:\test\pipe\masteringwinsock\debug\masteringwinsock.res
g:\test\pipe\masteringwinsock\debug\masteringwinsock.vcxproj.filelistabsolute.txt
g:\test\pipe\masteringwinsock\debug\masteringwinsock.tlog\cl.command.1.tlog
g:\test\pipe\masteringwinsock\debug\masteringwinsock.tlog\cl.read.1.tlog
g:\test\pipe\masteringwinsock\debug\masteringwinsock.tlog\cl.write.1.tlog
g:\test\pipe\masteringwinsock\debug\masteringwinsock.tlog\link.command.1.tlog
g:\test\pipe\masteringwinsock\debug\masteringwinsock.tlog\link.read.1.tlog
g:\test\pipe\masteringwinsock\debug\masteringwinsock.tlog\link.write.1.tlog
g:\test\pipe\masteringwinsock\debug\masteringwinsock.tlog\rc.command.1.tlog
g:\test\pipe\masteringwinsock\debug\masteringwinsock.tlog\rc.read.1.tlog
g:\test\pipe\masteringwinsock\debug\masteringwinsock.tlog\rc.write.1.tlog
