g:\test\pipe\pipeprobesetting\pipeprobesetting.pch
g:\test\pipe\pipeprobesetting\vc142.pdb
g:\test\pipe\pipeprobesetting\vc142.idb
g:\test\pipe\pipeprobesetting\pch.obj
g:\test\pipe\pipeprobesetting\pipeprobesettingdlg.obj
g:\test\pipe\pipeprobesetting\pipeprobesetting.obj
g:\test\pipe\pipeprobesetting\cproppageregextest.obj
g:\test\pipe\pipeprobesetting\cproppagelogview.obj
g:\test\pipe\pipeprobesetting\cproppagegenelal.obj
g:\test\pipe\pipeprobesetting\cproppagechild.obj
g:\test\pipe\pipeprobesetting\cprofileabledlg.obj
g:\test\pipe\pipeprobesetting\cdialogtab.obj
g:\test\pipe\pipeprobesetting\cproppagelogsetting.obj
g:\test\pipe\pipeprobesetting\pipeprobesetting.ilk
g:\test\pipe\debug\pipeprobesetting.exe
g:\test\pipe\debug\pipeprobesetting.pdb
g:\test\pipe\pipeprobesetting\pipeprobesetting.res
g:\test\pipe\pipeprobesetting\pipeprobesetting.tlog\cl.command.1.tlog
g:\test\pipe\pipeprobesetting\pipeprobesetting.tlog\cl.read.1.tlog
g:\test\pipe\pipeprobesetting\pipeprobesetting.tlog\cl.write.1.tlog
g:\test\pipe\pipeprobesetting\pipeprobesetting.tlog\link.command.1.tlog
g:\test\pipe\pipeprobesetting\pipeprobesetting.tlog\link.read.1.tlog
g:\test\pipe\pipeprobesetting\pipeprobesetting.tlog\link.write.1.tlog
g:\test\pipe\pipeprobesetting\pipeprobesetting.tlog\rc.command.1.tlog
g:\test\pipe\pipeprobesetting\pipeprobesetting.tlog\rc.read.1.tlog
g:\test\pipe\pipeprobesetting\pipeprobesetting.tlog\rc.write.1.tlog
