g:\test\pipe\popeprobe\debug\pipeprobe.pch
g:\test\pipe\popeprobe\debug\vc142.pdb
g:\test\pipe\popeprobe\debug\vc142.idb
g:\test\pipe\popeprobe\debug\pch.obj
g:\test\pipe\popeprobe\debug\profilelogview.obj
g:\test\pipe\popeprobe\debug\profilelogfile.obj
g:\test\pipe\popeprobe\debug\profilegenelal.obj
g:\test\pipe\popeprobe\debug\profilechild.obj
g:\test\pipe\popeprobe\debug\profile.obj
g:\test\pipe\popeprobe\debug\probe.obj
g:\test\pipe\popeprobe\debug\popeprobeapp.obj
g:\test\pipe\popeprobe\debug\pipeprobecommandoption.obj
g:\test\pipe\popeprobe\debug\pipeprobemaindlg.obj
g:\test\pipe\popeprobe\debug\exeengine.obj
g:\test\pipe\popeprobe\debug\regex.obj
g:\test\pipe\popeprobe\debug\pipeprobe.ilk
g:\test\pipe\debug\pipeprobe.exe
g:\test\pipe\debug\pipeprobe.pdb
g:\test\pipe\popeprobe\debug\popeprobe.res
g:\test\pipe\popeprobe\debug\pipeprobe.tlog\cl.command.1.tlog
g:\test\pipe\popeprobe\debug\pipeprobe.tlog\cl.read.1.tlog
g:\test\pipe\popeprobe\debug\pipeprobe.tlog\cl.write.1.tlog
g:\test\pipe\popeprobe\debug\pipeprobe.tlog\link.command.1.tlog
g:\test\pipe\popeprobe\debug\pipeprobe.tlog\link.read.1.tlog
g:\test\pipe\popeprobe\debug\pipeprobe.tlog\link.write.1.tlog
g:\test\pipe\popeprobe\debug\pipeprobe.tlog\rc.command.1.tlog
g:\test\pipe\popeprobe\debug\pipeprobe.tlog\rc.read.1.tlog
g:\test\pipe\popeprobe\debug\pipeprobe.tlog\rc.write.1.tlog
