g:\test\pipe\popeprobe\vc142.pdb
g:\test\pipe\popeprobe\vc142.idb
g:\test\pipe\popeprobe\probe.obj
g:\test\pipe\popeprobe\exeengine.obj
g:\test\pipe\popeprobe\maindlg.obj
g:\test\pipe\popeprobe\popeprobe.obj
g:\test\pipe\popeprobe\pipeprobe.pch
g:\test\pipe\popeprobe\pch.obj
g:\test\pipe\popeprobe\profilelogview.obj
g:\test\pipe\popeprobe\profile.obj
g:\test\pipe\popeprobe\regex.obj
g:\pipe\popeprobe\pipeprobe.pch
g:\pipe\popeprobe\vc142.pdb
g:\pipe\popeprobe\vc142.idb
g:\pipe\popeprobe\pch.obj
g:\pipe\popeprobe\regex.obj
g:\pipe\popeprobe\profilelogview.obj
g:\pipe\popeprobe\profile.obj
g:\pipe\popeprobe\probe.obj
g:\pipe\popeprobe\popeprobe.obj
g:\pipe\popeprobe\maindlg.obj
g:\pipe\popeprobe\exeengine.obj
g:\test\pipe\debug\pipeprobe.exe
g:\test\pipe\popeprobe\pipeprobe.ilk
g:\test\pipe\debug\pipeprobe.pdb
g:\test\pipe\popeprobe\popeprobe.res
g:\pipe\popeprobe\pipeprobe (2021_09_19 10_01_20 utc).ilk
g:\pipe\popeprobe\pipeprobe (2021_09_19 10_01_20 utc).pch
g:\pipe\popeprobe\vc142 (2021_09_19 10_01_20 utc).idb
g:\pipe\popeprobe\vc142 (2021_09_19 10_01_20 utc).pdb
g:\pipe\popeprobe\pipeprobe.tlog\cl.command.1 (2021_09_19 10_01_20 utc).tlog
g:\pipe\popeprobe\pipeprobe.tlog\cl.command.1.tlog
g:\pipe\popeprobe\pipeprobe.tlog\cl.read.1 (2021_09_19 10_01_20 utc).tlog
g:\pipe\popeprobe\pipeprobe.tlog\cl.write.1 (2021_09_19 10_01_20 utc).tlog
g:\pipe\popeprobe\pipeprobe.tlog\link.command.1 (2021_09_19 10_01_20 utc).tlog
g:\pipe\popeprobe\pipeprobe.tlog\link.read.1 (2021_09_19 10_01_20 utc).tlog
g:\pipe\popeprobe\pipeprobe.tlog\link.write.1 (2021_09_19 10_01_20 utc).tlog
g:\pipe\popeprobe\pipeprobe.tlog\rc.command.1 (2021_09_19 10_01_20 utc).tlog
g:\pipe\popeprobe\pipeprobe.tlog\rc.command.1.tlog
g:\pipe\popeprobe\pipeprobe.tlog\rc.read.1 (2021_09_19 10_01_20 utc).tlog
g:\pipe\popeprobe\pipeprobe.tlog\rc.read.1.tlog
g:\pipe\popeprobe\pipeprobe.tlog\rc.write.1 (2021_09_19 10_01_20 utc).tlog
g:\pipe\popeprobe\pipeprobe.tlog\rc.write.1.tlog
