g:\test\pipe\commonlib\commonlib-debug-x64.pdb
g:\test\pipe\commonlib\commonlib-debug-x64.idb
g:\test\pipe\commonlib\cpconsole.obj
g:\test\pipe\commonlib\cbstreamque.obj
g:\test\pipe\commonlib\pipehelper.obj
g:\test\pipe\commonlib\cbinarystringcore.obj
g:\test\pipe\commonlib\cprotonpcp11.obj
g:\test\pipe\commonlib\cjointstream.obj
g:\test\pipe\commonlib\casyncbstreamque.obj
g:\test\pipe\commonlib\commandlinenetconnection.obj
g:\test\pipe\commonlib\cbssocket.obj
g:\test\pipe\commonlib\cbstream.obj
g:\test\pipe\commonlib\cshowinfoprompt.obj
g:\test\pipe\commonlib\commandline.obj
g:\test\pipe\commonlib\cprotocolbd.obj
g:\test\pipe\commonlib\winexeengine.obj
g:\test\pipe\commonlib\commandlineinfo.obj
g:\test\pipe\commonlib\cpipeterm.obj
g:\test\pipe\commonlib\cbinarystring.obj
g:\test\pipe\commonlib\cshowlicensemit.obj
g:\test\pipe\commonlib\creadnumbyte.obj
g:\test\pipe\commonlib\cbstreamterm.obj
g:\test\pipe\commonlib\csectimer.obj
g:\test\pipe\commonlib\cjointintercept.obj
g:\test\pipe\commonlib\cbwinconv.obj
g:\test\pipe\commonlib\cjointstream3.obj
g:\test\pipe\commonlib\sockethelper.obj
g:\test\pipe\commonlib\commonlib-debug-x64.lib
g:\test\pipe\commonlib\commonlib.vcxproj.filelistabsolute.txt
g:\test\pipe\commonlib\commonlib.tlog\cl.command.1.tlog
g:\test\pipe\commonlib\commonlib.tlog\cl.read.1.tlog
g:\test\pipe\commonlib\commonlib.tlog\cl.write.1.tlog
g:\test\pipe\commonlib\commonlib.tlog\lib-link.read.1.tlog
g:\test\pipe\commonlib\commonlib.tlog\lib-link.write.1.tlog
g:\test\pipe\commonlib\commonlib.tlog\lib.command.1.tlog
